F:\Microsoft Visual Studio\C# Projects\NTUCCustomerApplication\WebApplication1\AngularClientCode\CustomerClientApp\dist\out-tsc\e2e\src\app.po.js
F:\Microsoft Visual Studio\C# Projects\NTUCCustomerApplication\WebApplication1\AngularClientCode\CustomerClientApp\dist\out-tsc\e2e\src\app.po.js.map
F:\Microsoft Visual Studio\C# Projects\NTUCCustomerApplication\WebApplication1\AngularClientCode\CustomerClientApp\dist\out-tsc\e2e\src\app.e2e-spec.js
F:\Microsoft Visual Studio\C# Projects\NTUCCustomerApplication\WebApplication1\AngularClientCode\CustomerClientApp\dist\out-tsc\e2e\src\app.e2e-spec.js.map
F:\Microsoft Visual Studio\C# Projects\NTUCCustomerApplication\WebApplication1\AngularClientCode\CustomerClientApp\dist\out-tsc\src\app\app.model.js
F:\Microsoft Visual Studio\C# Projects\NTUCCustomerApplication\WebApplication1\AngularClientCode\CustomerClientApp\dist\out-tsc\src\app\app.model.js.map
F:\Microsoft Visual Studio\C# Projects\NTUCCustomerApplication\WebApplication1\AngularClientCode\CustomerClientApp\dist\out-tsc\src\app\app.component.js
F:\Microsoft Visual Studio\C# Projects\NTUCCustomerApplication\WebApplication1\AngularClientCode\CustomerClientApp\dist\out-tsc\src\app\app.component.js.map
F:\Microsoft Visual Studio\C# Projects\NTUCCustomerApplication\WebApplication1\AngularClientCode\CustomerClientApp\dist\out-tsc\src\app\app.module.js
F:\Microsoft Visual Studio\C# Projects\NTUCCustomerApplication\WebApplication1\AngularClientCode\CustomerClientApp\dist\out-tsc\src\app\app.module.js.map
F:\Microsoft Visual Studio\C# Projects\NTUCCustomerApplication\WebApplication1\AngularClientCode\CustomerClientApp\dist\out-tsc\src\environments\environment.js
F:\Microsoft Visual Studio\C# Projects\NTUCCustomerApplication\WebApplication1\AngularClientCode\CustomerClientApp\dist\out-tsc\src\environments\environment.js.map
F:\Microsoft Visual Studio\C# Projects\NTUCCustomerApplication\WebApplication1\AngularClientCode\CustomerClientApp\dist\out-tsc\src\main.js
F:\Microsoft Visual Studio\C# Projects\NTUCCustomerApplication\WebApplication1\AngularClientCode\CustomerClientApp\dist\out-tsc\src\main.js.map
F:\Microsoft Visual Studio\C# Projects\NTUCCustomerApplication\WebApplication1\AngularClientCode\CustomerClientApp\dist\out-tsc\src\polyfills.js
F:\Microsoft Visual Studio\C# Projects\NTUCCustomerApplication\WebApplication1\AngularClientCode\CustomerClientApp\dist\out-tsc\src\polyfills.js.map
F:\Microsoft Visual Studio\C# Projects\NTUCCustomerApplication\WebApplication1\AngularClientCode\CustomerClientApp\dist\out-tsc\src\test.js
F:\Microsoft Visual Studio\C# Projects\NTUCCustomerApplication\WebApplication1\AngularClientCode\CustomerClientApp\dist\out-tsc\src\test.js.map
F:\Microsoft Visual Studio\C# Projects\NTUCCustomerApplication\WebApplication1\AngularClientCode\CustomerClientApp\dist\out-tsc\src\environments\environment.prod.js
F:\Microsoft Visual Studio\C# Projects\NTUCCustomerApplication\WebApplication1\AngularClientCode\CustomerClientApp\dist\out-tsc\src\environments\environment.prod.js.map
